2026-07-19 02:07:39.752 WARNING streamlit.runtime.caching.cache_data_api: No runtime found, using MemoryCacheStorageManager
2026-07-19 02:07:39.765 WARNING streamlit.runtime.caching.cache_data_api: No runtime found, using MemoryCacheStorageManager
2026-07-19 02:07:39.772 WARNING streamlit.runtime.caching.cache_data_api: No runtime found, using MemoryCacheStorageManager
2026-07-19 02:07:39.778 WARNING streamlit.runtime.caching.cache_data_api: No runtime found, using MemoryCacheStorageManager
=== v1 sync (README/REGRAS/AGENTS/API/timestamps) ===
Current state (as of 2026-07-19 05:07 UTC):
  Tests: 1274 total (unit=976, schema=94, integration=113, e2e=85, real=6)
  Dashboard pages: 21
  API services: alert_service, auth, collector, config, config_db, dashboard_queries, email_service, flyer_service, http_client, import_service, logger, maintenance_service, otel, price_analytics, price_repository, price_service, recipe_service, review_queue_service, scraper_alert, scraper_health, store_registry, supabase_client, telegram_service, url_guard
  CI workflows: backup, ci, ci-e2e-only, dependency-audit, e2e, heal-scrapers, on_demand_scrape, restore-test, sanitize-check, scrape, scrape-reusable, skills-maintenance, test_store_recovery, teste_full_manual

Drift detection (sync_docs counts vs pytest --collect-only)...
  [OK] All test counts match pytest --collect-only

Invariants (IMMUTABLE / SNAPSHOT_FROZEN dirty detection)...
  [OK] No manual mutation of immutable docs

Skills sync check (disk vs APPROVED_SKILLS)...
  [OK] All skills match between disk and APPROVED_SKILLS

Updating AGENTS.md + auto-fixers...
  [OK] No auto-fixer changes needed

Syncing docs/skills.md...
  docs/skills.md unchanged (timestamp refreshed)

Updating docs/archive/ (Raio X - policy-driven)...
    docs/archive/CUSTO_DOCE_RAIO_X.md: timestamp updated
      [WARN]   Contador páginas: doc diz 20, real=21
      [WARN]   Contador páginas: doc diz 20, real=21
      [WARN]   Contador páginas: doc diz 20, real=21
      [WARN]   Contador páginas: doc diz 19, real=21
      [WARN]   Contador páginas: doc diz 19, real=21
      [WARN]   Contador páginas: doc diz 19, real=21
      [WARN]   Contador testes: doc diz 729, real unit=976 schema=94 total=1070
      [WARN]   Contador testes: doc diz 729, real unit=976 schema=94 total=1070
      [WARN]   Contador testes: doc diz 729, real unit=976 schema=94 total=1070
      [WARN]   Contador páginas: doc diz 13, real=21
      [WARN]   Contador páginas: doc diz 18, real=21
      [WARN]   Contador páginas: doc diz 18, real=21
    [DERIVED] docs/archive/RAIO-X_CUSTO_DOCE_RESUMIDO.md: regenerar via sprint review (não auto-aplicado)
    [SKIP-FROZEN] docs/archive/ux_audit_2026-06.md: data-anchored, bypass
  [NOTE] SNAPSHOT_DERIVED_LIVE permanece — regeneração é manual

Updating README.md...

Updating REGRAS.md...

Generating API docs (AST from services/)...
    docs/api/alert_service.md: 4 funcs generated
    docs/api/auth.md: 9 funcs generated
    docs/api/collector.md: 19 funcs generated
    docs/api/config.md: 3 funcs generated
    docs/api/config_db.md: 32 funcs generated
    docs/api/dashboard_queries.md: 39 funcs generated
    docs/api/email_service.md: 6 funcs generated
    docs/api/flyer_service.md: 9 funcs generated
    docs/api/http_client.md: 4 funcs generated
    docs/api/import_service.md: 1 funcs generated
    docs/api/logger.md: 1 funcs generated
    docs/api/maintenance_service.md: 6 funcs generated
    docs/api/otel.md: 1 funcs generated
    docs/api/price_analytics.md: 6 funcs generated
    docs/api/price_intelligence.md: 3 funcs generated
    docs/api/price_repository.md: 4 funcs generated
    docs/api/price_service.md: 2 funcs generated
    docs/api/rate_limiter.md: 5 funcs generated
    docs/api/recipe_service.md: 2 funcs generated
    docs/api/review_queue_service.md: 5 funcs generated
    docs/api/scraper_alert.md: 3 funcs generated
    docs/api/scraper_health.md: 8 funcs generated
    docs/api/store_registry.md: 8 funcs generated
    docs/api/supabase_client.md: 3 funcs generated
    docs/api/telegram_service.md: 3 funcs generated
    docs/api/types.md: 2 funcs generated
    docs/api/url_guard.md: 2 funcs generated

Updating generic .md files (timestamps)...
    [SKIP-IMMUTABLE] docs/adr/001-architecture.md: ADR nunca tocado por sync
    [SKIP-IMMUTABLE] docs/adr/002-matcher-strategy.md: ADR nunca tocado por sync
    [SKIP-IMMUTABLE] docs/adr/003-tier-strategy.md: ADR nunca tocado por sync
    [SKIP-IMMUTABLE] docs/adr/004-db-design.md: ADR nunca tocado por sync
    [SKIP-IMMUTABLE] docs/adr/005-free-tier-limits.md: ADR nunca tocado por sync

  [OK] changelog ordering valid

  (pass --strict for full .md audit)

[OK] All docs in sync

No stale CURRENT refs found. All docs are in sync.
